<?xml version="1.0" encoding="UTF-8"?>
<testsuite name="Scenario: Title of your scenario2" time="0.01" tests="8" errors="0" skipped="0" failures="0">
  <properties>
[...]
</properties>
  <testcase name="Given I want to write a step with precondition" classname="Scenario: Title of your scenario" time="0.01"/>
  <testcase name="When I complete action" classname="Scenario: Title of your scenario" time="0"/>
  <testcase name="Then I validate the outcomes" classname="Scenario: Title of your scenario" time="0"/>
  <testcase name="Scenario: Title of your scenario" classname="Scenario: Title of your scenario" time="0"/>
  <testcase name="Given I want to write a step with precondition2" classname="Scenario: Title of your scenario2" time="0"/>
  <testcase name="When I complete action2" classname="Scenario: Title of your scenario2" time="0"/>
  <testcase name="Then I validate the outcomes2" classname="Scenario: Title of your scenario2" time="0"/>
  <testcase name="Scenario: Title of your scenario2" classname="Scenario: Title of your scenario2" time="0"/>
</testsuite>